<?xml version="1.0" encoding="UTF-8"?>
<coverage generated="1786624721830" clover="3.2.0">
  <project timestamp="1786624721830" name="All files">
    <metrics statements="77" coveredstatements="77" conditionals="16" coveredconditionals="16" methods="30" coveredmethods="30" elements="123" coveredelements="123" complexity="0" loc="77" ncloc="77" packages="1" files="14" classes="14"/>
    <file name="App.tsx" path="/Users/snehal/rtl-practise/src/App.tsx">
      <metrics statements="2" coveredstatements="2" conditionals="0" coveredconditionals="0" methods="1" coveredmethods="1"/>
      <line num="1" count="1" type="stmt"/>
      <line num="2" count="1" type="stmt"/>
    </file>
    <file name="AsyncCounter.tsx" path="/Users/snehal/rtl-practise/src/AsyncCounter.tsx">
      <metrics statements="6" coveredstatements="6" conditionals="0" coveredconditionals="0" methods="3" coveredmethods="3"/>
      <line num="3" count="1" type="stmt"/>
      <line num="4" count="2" type="stmt"/>
      <line num="6" count="2" type="stmt"/>
      <line num="7" count="1" type="stmt"/>
      <line num="8" count="1" type="stmt"/>
      <line num="12" count="2" type="stmt"/>
    </file>
    <file name="AsyncMessage.tsx" path="/Users/snehal/rtl-practise/src/AsyncMessage.tsx">
      <metrics statements="7" coveredstatements="7" conditionals="2" coveredconditionals="2" methods="4" coveredmethods="4"/>
      <line num="3" count="1" type="stmt"/>
      <line num="4" count="2" type="stmt"/>
      <line num="6" count="2" type="stmt"/>
      <line num="7" count="1" type="stmt"/>
      <line num="8" count="1" type="stmt"/>
      <line num="11" count="1" type="stmt"/>
      <line num="14" count="2" type="stmt"/>
    </file>
    <file name="ButtonExample.tsx" path="/Users/snehal/rtl-practise/src/ButtonExample.tsx">
      <metrics statements="2" coveredstatements="2" conditionals="0" coveredconditionals="0" methods="1" coveredmethods="1"/>
      <line num="5" count="1" type="stmt"/>
      <line num="6" count="2" type="stmt"/>
    </file>
    <file name="ConditionalMessage.tsx" path="/Users/snehal/rtl-practise/src/ConditionalMessage.tsx">
      <metrics statements="4" coveredstatements="4" conditionals="2" coveredconditionals="2" methods="2" coveredmethods="2"/>
      <line num="3" count="1" type="stmt"/>
      <line num="4" count="3" type="stmt"/>
      <line num="6" count="3" type="stmt"/>
      <line num="8" count="1" type="stmt"/>
    </file>
    <file name="Counter.tsx" path="/Users/snehal/rtl-practise/src/Counter.tsx">
      <metrics statements="4" coveredstatements="4" conditionals="0" coveredconditionals="0" methods="2" coveredmethods="2"/>
      <line num="3" count="1" type="stmt"/>
      <line num="4" count="3" type="stmt"/>
      <line num="6" count="3" type="stmt"/>
      <line num="12" count="1" type="stmt"/>
    </file>
    <file name="CounterControls.tsx" path="/Users/snehal/rtl-practise/src/CounterControls.tsx">
      <metrics statements="5" coveredstatements="5" conditionals="0" coveredconditionals="0" methods="3" coveredmethods="3"/>
      <line num="3" count="1" type="stmt"/>
      <line num="4" count="5" type="stmt"/>
      <line num="6" count="5" type="stmt"/>
      <line num="12" count="1" type="stmt"/>
      <line num="16" count="1" type="stmt"/>
    </file>
    <file name="Greeting.tsx" path="/Users/snehal/rtl-practise/src/Greeting.tsx">
      <metrics statements="2" coveredstatements="2" conditionals="0" coveredconditionals="0" methods="1" coveredmethods="1"/>
      <line num="5" count="1" type="stmt"/>
      <line num="6" count="2" type="stmt"/>
    </file>
    <file name="LoginForm.tsx" path="/Users/snehal/rtl-practise/src/LoginForm.tsx">
      <metrics statements="2" coveredstatements="2" conditionals="0" coveredconditionals="0" methods="1" coveredmethods="1"/>
      <line num="1" count="1" type="stmt"/>
      <line num="2" count="3" type="stmt"/>
    </file>
    <file name="LoginFormValidation.tsx" path="/Users/snehal/rtl-practise/src/LoginFormValidation.tsx">
      <metrics statements="16" coveredstatements="16" conditionals="8" coveredconditionals="8" methods="4" coveredmethods="4"/>
      <line num="3" count="1" type="stmt"/>
      <line num="4" count="29" type="stmt"/>
      <line num="5" count="29" type="stmt"/>
      <line num="6" count="29" type="stmt"/>
      <line num="7" count="29" type="stmt"/>
      <line num="9" count="29" type="stmt"/>
      <line num="10" count="2" type="stmt"/>
      <line num="12" count="2" type="cond" truecount="4" falsecount="0"/>
      <line num="13" count="1" type="stmt"/>
      <line num="14" count="1" type="stmt"/>
      <line num="15" count="1" type="stmt"/>
      <line num="18" count="1" type="stmt"/>
      <line num="19" count="1" type="stmt"/>
      <line num="22" count="29" type="stmt"/>
      <line num="31" count="18" type="stmt"/>
      <line num="39" count="6" type="stmt"/>
    </file>
    <file name="PostList.tsx" path="/Users/snehal/rtl-practise/src/PostList.tsx">
      <metrics statements="19" coveredstatements="19" conditionals="4" coveredconditionals="4" methods="4" coveredmethods="4"/>
      <line num="8" count="1" type="stmt"/>
      <line num="9" count="4" type="stmt"/>
      <line num="10" count="4" type="stmt"/>
      <line num="11" count="4" type="stmt"/>
      <line num="13" count="4" type="stmt"/>
      <line num="14" count="2" type="stmt"/>
      <line num="15" count="2" type="stmt"/>
      <line num="16" count="2" type="stmt"/>
      <line num="17" count="1" type="stmt"/>
      <line num="19" count="1" type="stmt"/>
      <line num="21" count="1" type="stmt"/>
      <line num="23" count="2" type="stmt"/>
      <line num="27" count="2" type="stmt"/>
      <line num="30" count="4" type="cond" truecount="2" falsecount="0"/>
      <line num="31" count="2" type="stmt"/>
      <line num="34" count="2" type="cond" truecount="2" falsecount="0"/>
      <line num="35" count="1" type="stmt"/>
      <line num="38" count="1" type="stmt"/>
      <line num="43" count="2" type="stmt"/>
    </file>
    <file name="SearchBox.tsx" path="/Users/snehal/rtl-practise/src/SearchBox.tsx">
      <metrics statements="2" coveredstatements="2" conditionals="0" coveredconditionals="0" methods="1" coveredmethods="1"/>
      <line num="1" count="1" type="stmt"/>
      <line num="2" count="2" type="stmt"/>
    </file>
    <file name="StatusMessage.tsx" path="/Users/snehal/rtl-practise/src/StatusMessage.tsx">
      <metrics statements="2" coveredstatements="2" conditionals="0" coveredconditionals="0" methods="1" coveredmethods="1"/>
      <line num="5" count="1" type="stmt"/>
      <line num="6" count="1" type="stmt"/>
    </file>
    <file name="UserInput.tsx" path="/Users/snehal/rtl-practise/src/UserInput.tsx">
      <metrics statements="4" coveredstatements="4" conditionals="0" coveredconditionals="0" methods="2" coveredmethods="2"/>
      <line num="3" count="1" type="stmt"/>
      <line num="4" count="7" type="stmt"/>
      <line num="6" count="7" type="stmt"/>
      <line num="13" count="6" type="stmt"/>
    </file>
  </project>
</coverage>
