{"/Users/snehal/rtl-practise/src/App.tsx": {"path":"/Users/snehal/rtl-practise/src/App.tsx","statementMap":{"0":{"start":{"line":1,"column":6},"end":{"line":8,"column":null}},"1":{"start":{"line":2,"column":2},"end":{"line":6,"column":null}}},"fnMap":{"0":{"name":"(anonymous_0)","decl":{"start":{"line":1,"column":6},"end":{"line":1,"column":18}},"loc":{"start":{"line":1,"column":18},"end":{"line":8,"column":null}},"line":1}},"branchMap":{},"s":{"0":1,"1":1},"f":{"0":1},"b":{},"meta":{"lastBranch":0,"lastFunction":1,"lastStatement":2,"seen":{"s:1:6:8:Infinity":0,"f:1:6:1:18":0,"s:2:2:6:Infinity":1},"fnNames":{}}}
,"/Users/snehal/rtl-practise/src/AsyncCounter.tsx": {"path":"/Users/snehal/rtl-practise/src/AsyncCounter.tsx","statementMap":{"0":{"start":{"line":3,"column":6},"end":{"line":23,"column":null}},"1":{"start":{"line":4,"column":28},"end":{"line":4,"column":null}},"2":{"start":{"line":6,"column":8},"end":{"line":10,"column":null}},"3":{"start":{"line":7,"column":4},"end":{"line":9,"column":null}},"4":{"start":{"line":8,"column":6},"end":{"line":8,"column":null}},"5":{"start":{"line":12,"column":2},"end":{"line":21,"column":null}}},"fnMap":{"0":{"name":"(anonymous_0)","decl":{"start":{"line":3,"column":6},"end":{"line":3,"column":27}},"loc":{"start":{"line":3,"column":27},"end":{"line":23,"column":null}},"line":3},"1":{"name":"(anonymous_1)","decl":{"start":{"line":6,"column":8},"end":{"line":6,"column":32}},"loc":{"start":{"line":6,"column":32},"end":{"line":10,"column":null}},"line":6},"2":{"name":"(anonymous_2)","decl":{"start":{"line":7,"column":4},"end":{"line":7,"column":21}},"loc":{"start":{"line":7,"column":21},"end":{"line":9,"column":7}},"line":7}},"branchMap":{},"s":{"0":1,"1":2,"2":2,"3":1,"4":1,"5":2},"f":{"0":2,"1":1,"2":1},"b":{},"meta":{"lastBranch":0,"lastFunction":3,"lastStatement":6,"seen":{"s:3:6:23:Infinity":0,"f:3:6:3:27":0,"s:4:28:4:Infinity":1,"s:6:8:10:Infinity":2,"f:6:8:6:32":1,"s:7:4:9:Infinity":3,"f:7:4:7:21":2,"s:8:6:8:Infinity":4,"s:12:2:21:Infinity":5},"fnNames":{}}}
,"/Users/snehal/rtl-practise/src/AsyncMessage.tsx": {"path":"/Users/snehal/rtl-practise/src/AsyncMessage.tsx","statementMap":{"0":{"start":{"line":3,"column":6},"end":{"line":21,"column":null}},"1":{"start":{"line":4,"column":32},"end":{"line":4,"column":null}},"2":{"start":{"line":6,"column":2},"end":{"line":12,"column":null}},"3":{"start":{"line":7,"column":18},"end":{"line":9,"column":null}},"4":{"start":{"line":8,"column":6},"end":{"line":8,"column":null}},"5":{"start":{"line":11,"column":4},"end":{"line":11,"column":null}},"6":{"start":{"line":11,"column":17},"end":{"line":11,"column":null}},"7":{"start":{"line":14,"column":2},"end":{"line":19,"column":null}}},"fnMap":{"0":{"name":"(anonymous_0)","decl":{"start":{"line":3,"column":6},"end":{"line":3,"column":27}},"loc":{"start":{"line":3,"column":27},"end":{"line":21,"column":null}},"line":3},"1":{"name":"(anonymous_1)","decl":{"start":{"line":6,"column":2},"end":{"line":6,"column":18}},"loc":{"start":{"line":6,"column":18},"end":{"line":12,"column":5}},"line":6},"2":{"name":"(anonymous_2)","decl":{"start":{"line":7,"column":18},"end":{"line":7,"column":35}},"loc":{"start":{"line":7,"column":35},"end":{"line":9,"column":7}},"line":7},"3":{"name":"(anonymous_3)","decl":{"start":{"line":11,"column":4},"end":{"line":11,"column":17}},"loc":{"start":{"line":11,"column":17},"end":{"line":11,"column":null}},"line":11}},"branchMap":{"0":{"loc":{"start":{"line":18,"column":7},"end":{"line":19,"column":null}},"type":"binary-expr","locations":[{"start":{"line":18,"column":7},"end":{"line":18,"column":18}},{"start":{"line":18,"column":18},"end":{"line":19,"column":null}}],"line":18}},"s":{"0":1,"1":2,"2":2,"3":1,"4":1,"5":1,"6":1,"7":2},"f":{"0":2,"1":1,"2":1,"3":1},"b":{"0":[2,1]},"meta":{"lastBranch":1,"lastFunction":4,"lastStatement":8,"seen":{"s:3:6:21:Infinity":0,"f:3:6:3:27":0,"s:4:32:4:Infinity":1,"s:6:2:12:Infinity":2,"f:6:2:6:18":1,"s:7:18:9:Infinity":3,"f:7:18:7:35":2,"s:8:6:8:Infinity":4,"s:11:4:11:Infinity":5,"f:11:4:11:17":3,"s:11:17:11:Infinity":6,"s:14:2:19:Infinity":7,"b:18:7:18:18:18:18:19:Infinity":0},"fnNames":{}}}
,"/Users/snehal/rtl-practise/src/ButtonExample.tsx": {"path":"/Users/snehal/rtl-practise/src/ButtonExample.tsx","statementMap":{"0":{"start":{"line":5,"column":6},"end":{"line":12,"column":null}},"1":{"start":{"line":6,"column":2},"end":{"line":10,"column":null}}},"fnMap":{"0":{"name":"(anonymous_0)","decl":{"start":{"line":5,"column":6},"end":{"line":5,"column":23}},"loc":{"start":{"line":5,"column":57},"end":{"line":12,"column":null}},"line":5}},"branchMap":{},"s":{"0":1,"1":2},"f":{"0":2},"b":{},"meta":{"lastBranch":0,"lastFunction":1,"lastStatement":2,"seen":{"s:5:6:12:Infinity":0,"f:5:6:5:23":0,"s:6:2:10:Infinity":1},"fnNames":{}}}
,"/Users/snehal/rtl-practise/src/ConditionalMessage.tsx": {"path":"/Users/snehal/rtl-practise/src/ConditionalMessage.tsx","statementMap":{"0":{"start":{"line":3,"column":6},"end":{"line":15,"column":null}},"1":{"start":{"line":4,"column":40},"end":{"line":4,"column":null}},"2":{"start":{"line":6,"column":2},"end":{"line":13,"column":null}},"3":{"start":{"line":8,"column":29},"end":{"line":8,"column":59}}},"fnMap":{"0":{"name":"(anonymous_0)","decl":{"start":{"line":3,"column":6},"end":{"line":3,"column":33}},"loc":{"start":{"line":3,"column":33},"end":{"line":15,"column":null}},"line":3},"1":{"name":"(anonymous_1)","decl":{"start":{"line":8,"column":14},"end":{"line":8,"column":29}},"loc":{"start":{"line":8,"column":29},"end":{"line":8,"column":59}},"line":8}},"branchMap":{"0":{"loc":{"start":{"line":12,"column":7},"end":{"line":13,"column":null}},"type":"binary-expr","locations":[{"start":{"line":12,"column":7},"end":{"line":12,"column":22}},{"start":{"line":12,"column":22},"end":{"line":13,"column":null}}],"line":12}},"s":{"0":1,"1":3,"2":3,"3":1},"f":{"0":3,"1":1},"b":{"0":[3,1]},"meta":{"lastBranch":1,"lastFunction":2,"lastStatement":4,"seen":{"s:3:6:15:Infinity":0,"f:3:6:3:33":0,"s:4:40:4:Infinity":1,"s:6:2:13:Infinity":2,"f:8:14:8:29":1,"s:8:29:8:59":3,"b:12:7:12:22:12:22:13:Infinity":0},"fnNames":{}}}
,"/Users/snehal/rtl-practise/src/Counter.tsx": {"path":"/Users/snehal/rtl-practise/src/Counter.tsx","statementMap":{"0":{"start":{"line":3,"column":6},"end":{"line":17,"column":null}},"1":{"start":{"line":4,"column":28},"end":{"line":4,"column":null}},"2":{"start":{"line":6,"column":2},"end":{"line":15,"column":null}},"3":{"start":{"line":12,"column":29},"end":{"line":12,"column":50}}},"fnMap":{"0":{"name":"(anonymous_0)","decl":{"start":{"line":3,"column":6},"end":{"line":3,"column":22}},"loc":{"start":{"line":3,"column":22},"end":{"line":17,"column":null}},"line":3},"1":{"name":"(anonymous_1)","decl":{"start":{"line":12,"column":14},"end":{"line":12,"column":29}},"loc":{"start":{"line":12,"column":29},"end":{"line":12,"column":50}},"line":12}},"branchMap":{},"s":{"0":1,"1":3,"2":3,"3":1},"f":{"0":3,"1":1},"b":{},"meta":{"lastBranch":0,"lastFunction":2,"lastStatement":4,"seen":{"s:3:6:17:Infinity":0,"f:3:6:3:22":0,"s:4:28:4:Infinity":1,"s:6:2:15:Infinity":2,"f:12:14:12:29":1,"s:12:29:12:50":3},"fnNames":{}}}
,"/Users/snehal/rtl-practise/src/CounterControls.tsx": {"path":"/Users/snehal/rtl-practise/src/CounterControls.tsx","statementMap":{"0":{"start":{"line":3,"column":6},"end":{"line":21,"column":null}},"1":{"start":{"line":4,"column":28},"end":{"line":4,"column":null}},"2":{"start":{"line":6,"column":2},"end":{"line":19,"column":null}},"3":{"start":{"line":12,"column":29},"end":{"line":12,"column":50}},"4":{"start":{"line":16,"column":29},"end":{"line":16,"column":50}}},"fnMap":{"0":{"name":"(anonymous_0)","decl":{"start":{"line":3,"column":6},"end":{"line":3,"column":30}},"loc":{"start":{"line":3,"column":30},"end":{"line":21,"column":null}},"line":3},"1":{"name":"(anonymous_1)","decl":{"start":{"line":12,"column":14},"end":{"line":12,"column":29}},"loc":{"start":{"line":12,"column":29},"end":{"line":12,"column":50}},"line":12},"2":{"name":"(anonymous_2)","decl":{"start":{"line":16,"column":14},"end":{"line":16,"column":29}},"loc":{"start":{"line":16,"column":29},"end":{"line":16,"column":50}},"line":16}},"branchMap":{},"s":{"0":1,"1":5,"2":5,"3":1,"4":1},"f":{"0":5,"1":1,"2":1},"b":{},"meta":{"lastBranch":0,"lastFunction":3,"lastStatement":5,"seen":{"s:3:6:21:Infinity":0,"f:3:6:3:30":0,"s:4:28:4:Infinity":1,"s:6:2:19:Infinity":2,"f:12:14:12:29":1,"s:12:29:12:50":3,"f:16:14:16:29":2,"s:16:29:16:50":4},"fnNames":{}}}
,"/Users/snehal/rtl-practise/src/Greeting.tsx": {"path":"/Users/snehal/rtl-practise/src/Greeting.tsx","statementMap":{"0":{"start":{"line":5,"column":6},"end":{"line":12,"column":null}},"1":{"start":{"line":6,"column":2},"end":{"line":10,"column":null}}},"fnMap":{"0":{"name":"(anonymous_0)","decl":{"start":{"line":5,"column":6},"end":{"line":5,"column":18}},"loc":{"start":{"line":5,"column":46},"end":{"line":12,"column":null}},"line":5}},"branchMap":{},"s":{"0":1,"1":2},"f":{"0":2},"b":{},"meta":{"lastBranch":0,"lastFunction":1,"lastStatement":2,"seen":{"s:5:6:12:Infinity":0,"f:5:6:5:18":0,"s:6:2:10:Infinity":1},"fnNames":{}}}
,"/Users/snehal/rtl-practise/src/LoginForm.tsx": {"path":"/Users/snehal/rtl-practise/src/LoginForm.tsx","statementMap":{"0":{"start":{"line":1,"column":6},"end":{"line":17,"column":null}},"1":{"start":{"line":2,"column":2},"end":{"line":15,"column":null}}},"fnMap":{"0":{"name":"(anonymous_0)","decl":{"start":{"line":1,"column":6},"end":{"line":1,"column":24}},"loc":{"start":{"line":1,"column":24},"end":{"line":17,"column":null}},"line":1}},"branchMap":{},"s":{"0":1,"1":3},"f":{"0":3},"b":{},"meta":{"lastBranch":0,"lastFunction":1,"lastStatement":2,"seen":{"s:1:6:17:Infinity":0,"f:1:6:1:24":0,"s:2:2:15:Infinity":1},"fnNames":{}}}
,"/Users/snehal/rtl-practise/src/LoginFormValidation.tsx": {"path":"/Users/snehal/rtl-practise/src/LoginFormValidation.tsx","statementMap":{"0":{"start":{"line":3,"column":6},"end":{"line":49,"column":null}},"1":{"start":{"line":4,"column":28},"end":{"line":4,"column":null}},"2":{"start":{"line":5,"column":34},"end":{"line":5,"column":null}},"3":{"start":{"line":6,"column":28},"end":{"line":6,"column":null}},"4":{"start":{"line":7,"column":32},"end":{"line":7,"column":null}},"5":{"start":{"line":9,"column":8},"end":{"line":20,"column":null}},"6":{"start":{"line":10,"column":4},"end":{"line":10,"column":null}},"7":{"start":{"line":12,"column":4},"end":{"line":16,"column":null}},"8":{"start":{"line":13,"column":6},"end":{"line":13,"column":null}},"9":{"start":{"line":14,"column":6},"end":{"line":14,"column":null}},"10":{"start":{"line":15,"column":6},"end":{"line":15,"column":null}},"11":{"start":{"line":18,"column":4},"end":{"line":18,"column":null}},"12":{"start":{"line":19,"column":4},"end":{"line":19,"column":null}},"13":{"start":{"line":22,"column":2},"end":{"line":47,"column":null}},"14":{"start":{"line":31,"column":29},"end":{"line":31,"column":null}},"15":{"start":{"line":39,"column":29},"end":{"line":39,"column":null}}},"fnMap":{"0":{"name":"(anonymous_0)","decl":{"start":{"line":3,"column":6},"end":{"line":3,"column":34}},"loc":{"start":{"line":3,"column":34},"end":{"line":49,"column":null}},"line":3},"1":{"name":"(anonymous_1)","decl":{"start":{"line":9,"column":8},"end":{"line":9,"column":24}},"loc":{"start":{"line":9,"column":68},"end":{"line":20,"column":null}},"line":9},"2":{"name":"(anonymous_2)","decl":{"start":{"line":31,"column":8},"end":{"line":31,"column":19}},"loc":{"start":{"line":31,"column":29},"end":{"line":31,"column":null}},"line":31},"3":{"name":"(anonymous_3)","decl":{"start":{"line":39,"column":8},"end":{"line":39,"column":19}},"loc":{"start":{"line":39,"column":29},"end":{"line":39,"column":null}},"line":39}},"branchMap":{"0":{"loc":{"start":{"line":12,"column":4},"end":{"line":16,"column":null}},"type":"if","locations":[{"start":{"line":12,"column":4},"end":{"line":16,"column":null}},{"start":{},"end":{}}],"line":12},"1":{"loc":{"start":{"line":12,"column":8},"end":{"line":12,"column":29}},"type":"binary-expr","locations":[{"start":{"line":12,"column":8},"end":{"line":12,"column":18}},{"start":{"line":12,"column":18},"end":{"line":12,"column":29}}],"line":12},"2":{"loc":{"start":{"line":44,"column":7},"end":{"line":44,"column":null}},"type":"binary-expr","locations":[{"start":{"line":44,"column":7},"end":{"line":44,"column":16}},{"start":{"line":44,"column":16},"end":{"line":44,"column":null}}],"line":44},"3":{"loc":{"start":{"line":46,"column":7},"end":{"line":46,"column":null}},"type":"binary-expr","locations":[{"start":{"line":46,"column":7},"end":{"line":46,"column":18}},{"start":{"line":46,"column":18},"end":{"line":46,"column":null}}],"line":46}},"s":{"0":1,"1":29,"2":29,"3":29,"4":29,"5":29,"6":2,"7":2,"8":1,"9":1,"10":1,"11":1,"12":1,"13":29,"14":18,"15":6},"f":{"0":29,"1":2,"2":18,"3":6},"b":{"0":[1,1],"1":[2,1],"2":[29,1],"3":[29,1]},"meta":{"lastBranch":4,"lastFunction":4,"lastStatement":16,"seen":{"s:3:6:49:Infinity":0,"f:3:6:3:34":0,"s:4:28:4:Infinity":1,"s:5:34:5:Infinity":2,"s:6:28:6:Infinity":3,"s:7:32:7:Infinity":4,"s:9:8:20:Infinity":5,"f:9:8:9:24":1,"s:10:4:10:Infinity":6,"b:12:4:16:Infinity:undefined:undefined:undefined:undefined":0,"s:12:4:16:Infinity":7,"b:12:8:12:18:12:18:12:29":1,"s:13:6:13:Infinity":8,"s:14:6:14:Infinity":9,"s:15:6:15:Infinity":10,"s:18:4:18:Infinity":11,"s:19:4:19:Infinity":12,"s:22:2:47:Infinity":13,"f:31:8:31:19":2,"s:31:29:31:Infinity":14,"f:39:8:39:19":3,"s:39:29:39:Infinity":15,"b:44:7:44:16:44:16:44:Infinity":2,"b:46:7:46:18:46:18:46:Infinity":3},"fnNames":{}}}
,"/Users/snehal/rtl-practise/src/PostList.tsx": {"path":"/Users/snehal/rtl-practise/src/PostList.tsx","statementMap":{"0":{"start":{"line":8,"column":6},"end":{"line":47,"column":null}},"1":{"start":{"line":9,"column":28},"end":{"line":9,"column":null}},"2":{"start":{"line":10,"column":32},"end":{"line":10,"column":null}},"3":{"start":{"line":11,"column":28},"end":{"line":11,"column":null}},"4":{"start":{"line":13,"column":2},"end":{"line":28,"column":null}},"5":{"start":{"line":14,"column":23},"end":{"line":25,"column":null}},"6":{"start":{"line":15,"column":6},"end":{"line":24,"column":null}},"7":{"start":{"line":16,"column":25},"end":{"line":16,"column":null}},"8":{"start":{"line":17,"column":29},"end":{"line":17,"column":null}},"9":{"start":{"line":19,"column":8},"end":{"line":19,"column":null}},"10":{"start":{"line":21,"column":8},"end":{"line":21,"column":null}},"11":{"start":{"line":23,"column":8},"end":{"line":23,"column":null}},"12":{"start":{"line":27,"column":4},"end":{"line":27,"column":null}},"13":{"start":{"line":30,"column":2},"end":{"line":32,"column":null}},"14":{"start":{"line":31,"column":4},"end":{"line":31,"column":null}},"15":{"start":{"line":34,"column":2},"end":{"line":36,"column":null}},"16":{"start":{"line":35,"column":4},"end":{"line":35,"column":null}},"17":{"start":{"line":38,"column":2},"end":{"line":45,"column":null}},"18":{"start":{"line":43,"column":8},"end":{"line":43,"column":null}}},"fnMap":{"0":{"name":"(anonymous_0)","decl":{"start":{"line":8,"column":6},"end":{"line":8,"column":23}},"loc":{"start":{"line":8,"column":23},"end":{"line":47,"column":null}},"line":8},"1":{"name":"(anonymous_1)","decl":{"start":{"line":13,"column":2},"end":{"line":13,"column":18}},"loc":{"start":{"line":13,"column":18},"end":{"line":28,"column":5}},"line":13},"2":{"name":"(anonymous_2)","decl":{"start":{"line":14,"column":23},"end":{"line":14,"column":35}},"loc":{"start":{"line":14,"column":35},"end":{"line":25,"column":null}},"line":14},"3":{"name":"(anonymous_3)","decl":{"start":{"line":42,"column":13},"end":{"line":42,"column":18}},"loc":{"start":{"line":43,"column":8},"end":{"line":43,"column":null}},"line":43}},"branchMap":{"0":{"loc":{"start":{"line":30,"column":2},"end":{"line":32,"column":null}},"type":"if","locations":[{"start":{"line":30,"column":2},"end":{"line":32,"column":null}},{"start":{},"end":{}}],"line":30},"1":{"loc":{"start":{"line":34,"column":2},"end":{"line":36,"column":null}},"type":"if","locations":[{"start":{"line":34,"column":2},"end":{"line":36,"column":null}},{"start":{},"end":{}}],"line":34}},"s":{"0":1,"1":4,"2":4,"3":4,"4":4,"5":2,"6":2,"7":2,"8":1,"9":1,"10":1,"11":2,"12":2,"13":4,"14":2,"15":2,"16":1,"17":1,"18":2},"f":{"0":4,"1":2,"2":2,"3":2},"b":{"0":[2,2],"1":[1,1]},"meta":{"lastBranch":2,"lastFunction":4,"lastStatement":19,"seen":{"s:8:6:47:Infinity":0,"f:8:6:8:23":0,"s:9:28:9:Infinity":1,"s:10:32:10:Infinity":2,"s:11:28:11:Infinity":3,"s:13:2:28:Infinity":4,"f:13:2:13:18":1,"s:14:23:25:Infinity":5,"f:14:23:14:35":2,"s:15:6:24:Infinity":6,"s:16:25:16:Infinity":7,"s:17:29:17:Infinity":8,"s:19:8:19:Infinity":9,"s:21:8:21:Infinity":10,"s:23:8:23:Infinity":11,"s:27:4:27:Infinity":12,"b:30:2:32:Infinity:undefined:undefined:undefined:undefined":0,"s:30:2:32:Infinity":13,"s:31:4:31:Infinity":14,"b:34:2:36:Infinity:undefined:undefined:undefined:undefined":1,"s:34:2:36:Infinity":15,"s:35:4:35:Infinity":16,"s:38:2:45:Infinity":17,"f:42:13:42:18":3,"s:43:8:43:Infinity":18},"fnNames":{}}}
,"/Users/snehal/rtl-practise/src/SearchBox.tsx": {"path":"/Users/snehal/rtl-practise/src/SearchBox.tsx","statementMap":{"0":{"start":{"line":1,"column":6},"end":{"line":14,"column":null}},"1":{"start":{"line":2,"column":2},"end":{"line":12,"column":null}}},"fnMap":{"0":{"name":"(anonymous_0)","decl":{"start":{"line":1,"column":6},"end":{"line":1,"column":24}},"loc":{"start":{"line":1,"column":24},"end":{"line":14,"column":null}},"line":1}},"branchMap":{},"s":{"0":1,"1":2},"f":{"0":2},"b":{},"meta":{"lastBranch":0,"lastFunction":1,"lastStatement":2,"seen":{"s:1:6:14:Infinity":0,"f:1:6:1:24":0,"s:2:2:12:Infinity":1},"fnNames":{}}}
,"/Users/snehal/rtl-practise/src/StatusMessage.tsx": {"path":"/Users/snehal/rtl-practise/src/StatusMessage.tsx","statementMap":{"0":{"start":{"line":5,"column":6},"end":{"line":11,"column":null}},"1":{"start":{"line":6,"column":2},"end":{"line":9,"column":null}}},"fnMap":{"0":{"name":"(anonymous_0)","decl":{"start":{"line":5,"column":6},"end":{"line":5,"column":23}},"loc":{"start":{"line":5,"column":59},"end":{"line":11,"column":null}},"line":5}},"branchMap":{},"s":{"0":1,"1":1},"f":{"0":1},"b":{},"meta":{"lastBranch":0,"lastFunction":1,"lastStatement":2,"seen":{"s:5:6:11:Infinity":0,"f:5:6:5:23":0,"s:6:2:9:Infinity":1},"fnNames":{}}}
,"/Users/snehal/rtl-practise/src/UserInput.tsx": {"path":"/Users/snehal/rtl-practise/src/UserInput.tsx","statementMap":{"0":{"start":{"line":3,"column":6},"end":{"line":19,"column":null}},"1":{"start":{"line":4,"column":26},"end":{"line":4,"column":null}},"2":{"start":{"line":6,"column":2},"end":{"line":17,"column":null}},"3":{"start":{"line":13,"column":29},"end":{"line":13,"column":null}}},"fnMap":{"0":{"name":"(anonymous_0)","decl":{"start":{"line":3,"column":6},"end":{"line":3,"column":24}},"loc":{"start":{"line":3,"column":24},"end":{"line":19,"column":null}},"line":3},"1":{"name":"(anonymous_1)","decl":{"start":{"line":13,"column":8},"end":{"line":13,"column":19}},"loc":{"start":{"line":13,"column":29},"end":{"line":13,"column":null}},"line":13}},"branchMap":{},"s":{"0":1,"1":7,"2":7,"3":6},"f":{"0":7,"1":6},"b":{},"meta":{"lastBranch":0,"lastFunction":2,"lastStatement":4,"seen":{"s:3:6:19:Infinity":0,"f:3:6:3:24":0,"s:4:26:4:Infinity":1,"s:6:2:17:Infinity":2,"f:13:8:13:19":1,"s:13:29:13:Infinity":3},"fnNames":{}}}
}
